[debug] [2023-01-27T02:30:59.280Z] ----------------------------------------------------------------------
[debug] [2023-01-27T02:30:59.283Z] Command:       C:\Program Files\nodejs\node.exe C:\Users\HamzaLaptop\AppData\Roaming\npm\node_modules\firebase-tools\lib\bin\firebase.js init
[debug] [2023-01-27T02:30:59.284Z] CLI Version:   11.21.0
[debug] [2023-01-27T02:30:59.284Z] Platform:      win32
[debug] [2023-01-27T02:30:59.284Z] Node Version:  v18.12.1
[debug] [2023-01-27T02:30:59.285Z] Time:          Thu Jan 26 2023 21:30:59 GMT-0500 (Eastern Standard Time)
[debug] [2023-01-27T02:30:59.285Z] ----------------------------------------------------------------------
[debug] 
[debug] [2023-01-27T02:30:59.372Z] > command requires scopes: ["email","openid","https://www.googleapis.com/auth/cloudplatformprojects.readonly","https://www.googleapis.com/auth/firebase","https://www.googleapis.com/auth/cloud-platform"]
[debug] [2023-01-27T02:30:59.372Z] > authorizing via signed-in user (hamza.oruba@gmail.com)
[info] 
     ######## #### ########  ######## ########     ###     ######  ########
     ##        ##  ##     ## ##       ##     ##  ##   ##  ##       ##
     ######    ##  ########  ######   ########  #########  ######  ######
     ##        ##  ##    ##  ##       ##     ## ##     ##       ## ##
     ##       #### ##     ## ######## ########  ##     ##  ######  ########

You're about to initialize a Firebase project in this directory:

  C:\Web-Development\invst

Before we get started, keep in mind:

  * You are currently outside your home directory
  * You are initializing within an existing Firebase project directory

[info] 
=== Project Setup
[info] 
[info] First, let's associate this project directory with a Firebase project.
[info] You can create multiple project aliases by running firebase use --add, 
[info] but for now we'll just set up a default project.
[info] 
[debug] [2023-01-27T02:31:04.703Z] Using project from CLI flag: investor-6f199
[debug] [2023-01-27T02:31:04.708Z] >>> [apiv2][query] GET https://firebase.googleapis.com/v1beta1/projects/investor-6f199 [none]
[debug] [2023-01-27T02:31:05.232Z] <<< [apiv2][status] GET https://firebase.googleapis.com/v1beta1/projects/investor-6f199 200
[debug] [2023-01-27T02:31:05.232Z] <<< [apiv2][body] GET https://firebase.googleapis.com/v1beta1/projects/investor-6f199 {"projectId":"investor-6f199","projectNumber":"198576241186","displayName":"investor","name":"projects/investor-6f199","resources":{"hostingSite":"investor-6f199","realtimeDatabaseInstance":"investor-6f199-default-rtdb","storageBucket":"investor-6f199.appspot.com","locationId":"us-central"},"state":"ACTIVE","etag":"1_911dd66b-21b5-4c4f-91f4-dd6554412b6b"}
[info] i  Using project investor-6f199 (investor) 
[info] 
=== Database Setup
[info] i  database: ensuring required API firebasedatabase.googleapis.com is enabled... 
[debug] [2023-01-27T02:31:05.249Z] >>> [apiv2][query] GET https://serviceusage.googleapis.com/v1/projects/investor-6f199/services/firebasedatabase.googleapis.com [none]
[debug] [2023-01-27T02:31:05.250Z] >>> [apiv2][(partial)header] GET https://serviceusage.googleapis.com/v1/projects/investor-6f199/services/firebasedatabase.googleapis.com x-goog-quota-user=projects/investor-6f199
[debug] [2023-01-27T02:31:05.629Z] <<< [apiv2][status] GET https://serviceusage.googleapis.com/v1/projects/investor-6f199/services/firebasedatabase.googleapis.com 200
[debug] [2023-01-27T02:31:05.629Z] <<< [apiv2][body] GET https://serviceusage.googleapis.com/v1/projects/investor-6f199/services/firebasedatabase.googleapis.com [omitted]
[info] +  database: required API firebasedatabase.googleapis.com is enabled 
[info] 
[debug] [2023-01-27T02:31:05.634Z] >>> [apiv2][query] GET https://firebasedatabase.googleapis.com/v1beta/projects/investor-6f199/locations/-/instances/investor-6f199-default-rtdb [none]
[debug] [2023-01-27T02:31:06.034Z] <<< [apiv2][status] GET https://firebasedatabase.googleapis.com/v1beta/projects/investor-6f199/locations/-/instances/investor-6f199-default-rtdb 200
[debug] [2023-01-27T02:31:06.035Z] <<< [apiv2][body] GET https://firebasedatabase.googleapis.com/v1beta/projects/investor-6f199/locations/-/instances/investor-6f199-default-rtdb {"name":"projects/198576241186/locations/us-central1/instances/investor-6f199-default-rtdb","project":"projects/198576241186","databaseUrl":"https://investor-6f199-default-rtdb.firebaseio.com","type":"DEFAULT_DATABASE","state":"ACTIVE"}
[info] 
[info] Firebase Realtime Database Security Rules allow you to define how your data should be
[info] structured and when your data can be read from and written to.
[info] 
[debug] [2023-01-27T02:31:10.041Z] >>> [apiv2][query] GET https://investor-6f199-default-rtdb.firebaseio.com/.settings/rules.json [none]
[debug] [2023-01-27T02:31:10.172Z] <<< [apiv2][status] GET https://investor-6f199-default-rtdb.firebaseio.com/.settings/rules.json 200
[debug] [2023-01-27T02:31:10.173Z] <<< [apiv2][body] GET https://investor-6f199-default-rtdb.firebaseio.com/.settings/rules.json [stream]
[info] +  Database Rules for investor-6f199-default-rtdb have been written to database.rules.json. 
[info] Future modifications to database.rules.json will update Realtime Database Security Rules when you run
[info] firebase deploy.
[info] 
=== Firestore Setup
[debug] [2023-01-27T02:31:10.187Z] >>> [apiv2][query] GET https://serviceusage.googleapis.com/v1/projects/investor-6f199/services/firestore.googleapis.com [none]
[debug] [2023-01-27T02:31:10.187Z] >>> [apiv2][(partial)header] GET https://serviceusage.googleapis.com/v1/projects/investor-6f199/services/firestore.googleapis.com x-goog-quota-user=projects/investor-6f199
[debug] [2023-01-27T02:31:10.538Z] <<< [apiv2][status] GET https://serviceusage.googleapis.com/v1/projects/investor-6f199/services/firestore.googleapis.com 200
[debug] [2023-01-27T02:31:10.538Z] <<< [apiv2][body] GET https://serviceusage.googleapis.com/v1/projects/investor-6f199/services/firestore.googleapis.com [omitted]
[debug] [2023-01-27T02:31:10.539Z] >>> [apiv2][query] GET https://appengine.googleapis.com/v1/apps/investor-6f199 [none]
[debug] [2023-01-27T02:31:10.947Z] <<< [apiv2][status] GET https://appengine.googleapis.com/v1/apps/investor-6f199 200
[debug] [2023-01-27T02:31:10.947Z] <<< [apiv2][body] GET https://appengine.googleapis.com/v1/apps/investor-6f199 {"name":"apps/investor-6f199","id":"investor-6f199","authDomain":"gmail.com","locationId":"us-central","codeBucket":"staging.investor-6f199.appspot.com","servingStatus":"SERVING","defaultHostname":"investor-6f199.uc.r.appspot.com","defaultBucket":"investor-6f199.appspot.com","serviceAccount":"investor-6f199@appspot.gserviceaccount.com","gcrDomain":"us.gcr.io","databaseType":"CLOUD_FIRESTORE","featureSettings":{"splitHealthChecks":true,"useContainerOptimizedOs":true}}
[debug] [2023-01-27T02:31:10.948Z] database_type: CLOUD_FIRESTORE
[debug] [2023-01-27T02:31:10.949Z] > command requires scopes: ["email","openid","https://www.googleapis.com/auth/cloudplatformprojects.readonly","https://www.googleapis.com/auth/firebase","https://www.googleapis.com/auth/cloud-platform"]
[debug] [2023-01-27T02:31:10.950Z] > authorizing via signed-in user (hamza.oruba@gmail.com)
[debug] [2023-01-27T02:31:10.950Z] [iam] checking project investor-6f199 for permissions ["firebase.projects.get"]
[debug] [2023-01-27T02:31:10.952Z] >>> [apiv2][query] POST https://cloudresourcemanager.googleapis.com/v1/projects/investor-6f199:testIamPermissions [none]
[debug] [2023-01-27T02:31:10.952Z] >>> [apiv2][(partial)header] POST https://cloudresourcemanager.googleapis.com/v1/projects/investor-6f199:testIamPermissions x-goog-quota-user=projects/investor-6f199
[debug] [2023-01-27T02:31:10.953Z] >>> [apiv2][body] POST https://cloudresourcemanager.googleapis.com/v1/projects/investor-6f199:testIamPermissions {"permissions":["firebase.projects.get"]}
[debug] [2023-01-27T02:31:11.256Z] <<< [apiv2][status] POST https://cloudresourcemanager.googleapis.com/v1/projects/investor-6f199:testIamPermissions 200
[debug] [2023-01-27T02:31:11.257Z] <<< [apiv2][body] POST https://cloudresourcemanager.googleapis.com/v1/projects/investor-6f199:testIamPermissions {"permissions":["firebase.projects.get"]}
[info] 
[info] Firestore Security Rules allow you to define how and when to allow
[info] requests. You can keep these rules in your project directory
[info] and publish them with firebase deploy.
[info] 
[debug] [2023-01-27T02:31:16.345Z] >>> [apiv2][query] GET https://firebaserules.googleapis.com/v1/projects/investor-6f199/releases pageSize=10&pageToken=
[debug] [2023-01-27T02:31:16.689Z] <<< [apiv2][status] GET https://firebaserules.googleapis.com/v1/projects/investor-6f199/releases 200
[debug] [2023-01-27T02:31:16.690Z] <<< [apiv2][body] GET https://firebaserules.googleapis.com/v1/projects/investor-6f199/releases {"releases":[{"name":"projects/investor-6f199/releases/cloud.firestore","rulesetName":"projects/investor-6f199/rulesets/3ae65ad8-1987-4d63-b767-42191d967bdb","createTime":"2023-01-27T02:24:58.035683Z","updateTime":"2023-01-27T02:24:58.035683Z"}]}
[debug] [2023-01-27T02:31:16.690Z] Found ruleset: projects/investor-6f199/rulesets/3ae65ad8-1987-4d63-b767-42191d967bdb
[debug] [2023-01-27T02:31:16.692Z] >>> [apiv2][query] GET https://firebaserules.googleapis.com/v1/projects/investor-6f199/rulesets/3ae65ad8-1987-4d63-b767-42191d967bdb [none]
[debug] [2023-01-27T02:31:16.988Z] <<< [apiv2][status] GET https://firebaserules.googleapis.com/v1/projects/investor-6f199/rulesets/3ae65ad8-1987-4d63-b767-42191d967bdb 200
[debug] [2023-01-27T02:31:16.988Z] <<< [apiv2][body] GET https://firebaserules.googleapis.com/v1/projects/investor-6f199/rulesets/3ae65ad8-1987-4d63-b767-42191d967bdb [omitted]
[info] 
[info] Firestore indexes allow you to perform complex queries while
[info] maintaining performance that scales with the size of the result
[info] set. You can keep index definitions in your project directory
[info] and publish them with firebase deploy.
[info] 
[debug] [2023-01-27T02:31:20.251Z] >>> [apiv2][query] GET https://firestore.googleapis.com/v1/projects/investor-6f199/databases/(default)/collectionGroups/-/indexes [none]
[debug] [2023-01-27T02:31:20.253Z] >>> [apiv2][query] GET https://firestore.googleapis.com/v1/projects/investor-6f199/databases/(default)/collectionGroups/-/fields?filter=indexConfig.usesAncestorConfig=false OR ttlConfig:* [none]
[debug] [2023-01-27T02:31:20.578Z] <<< [apiv2][status] GET https://firestore.googleapis.com/v1/projects/investor-6f199/databases/(default)/collectionGroups/-/fields?filter=indexConfig.usesAncestorConfig=false OR ttlConfig:* 200
[debug] [2023-01-27T02:31:20.578Z] <<< [apiv2][body] GET https://firestore.googleapis.com/v1/projects/investor-6f199/databases/(default)/collectionGroups/-/fields?filter=indexConfig.usesAncestorConfig=false OR ttlConfig:* {"fields":[{"name":"projects/investor-6f199/databases/(default)/collectionGroups/__default__/fields/*","indexConfig":{"indexes":[{"queryScope":"COLLECTION","fields":[{"fieldPath":"*","order":"ASCENDING"}],"state":"READY"},{"queryScope":"COLLECTION","fields":[{"fieldPath":"*","order":"DESCENDING"}],"state":"READY"},{"queryScope":"COLLECTION","fields":[{"fieldPath":"*","arrayConfig":"CONTAINS"}],"state":"READY"}]}}]}
[debug] [2023-01-27T02:31:20.583Z] <<< [apiv2][status] GET https://firestore.googleapis.com/v1/projects/investor-6f199/databases/(default)/collectionGroups/-/indexes 200
[debug] [2023-01-27T02:31:20.583Z] <<< [apiv2][body] GET https://firestore.googleapis.com/v1/projects/investor-6f199/databases/(default)/collectionGroups/-/indexes {}
[info] 
=== Functions Setup
[debug] [2023-01-27T02:31:20.591Z] > command requires scopes: ["email","openid","https://www.googleapis.com/auth/cloudplatformprojects.readonly","https://www.googleapis.com/auth/firebase","https://www.googleapis.com/auth/cloud-platform"]
[debug] [2023-01-27T02:31:20.592Z] > authorizing via signed-in user (hamza.oruba@gmail.com)
[debug] [2023-01-27T02:31:20.592Z] [iam] checking project investor-6f199 for permissions ["firebase.projects.get"]
[debug] [2023-01-27T02:31:20.593Z] >>> [apiv2][query] POST https://cloudresourcemanager.googleapis.com/v1/projects/investor-6f199:testIamPermissions [none]
[debug] [2023-01-27T02:31:20.593Z] >>> [apiv2][(partial)header] POST https://cloudresourcemanager.googleapis.com/v1/projects/investor-6f199:testIamPermissions x-goog-quota-user=projects/investor-6f199
[debug] [2023-01-27T02:31:20.594Z] >>> [apiv2][body] POST https://cloudresourcemanager.googleapis.com/v1/projects/investor-6f199:testIamPermissions {"permissions":["firebase.projects.get"]}
[debug] [2023-01-27T02:31:20.832Z] <<< [apiv2][status] POST https://cloudresourcemanager.googleapis.com/v1/projects/investor-6f199:testIamPermissions 200
[debug] [2023-01-27T02:31:20.833Z] <<< [apiv2][body] POST https://cloudresourcemanager.googleapis.com/v1/projects/investor-6f199:testIamPermissions {"permissions":["firebase.projects.get"]}
[debug] [2023-01-27T02:31:20.834Z] >>> [apiv2][query] GET https://serviceusage.googleapis.com/v1/projects/investor-6f199/services/cloudfunctions.googleapis.com [none]
[debug] [2023-01-27T02:31:20.834Z] >>> [apiv2][(partial)header] GET https://serviceusage.googleapis.com/v1/projects/investor-6f199/services/cloudfunctions.googleapis.com x-goog-quota-user=projects/investor-6f199
[debug] [2023-01-27T02:31:20.840Z] >>> [apiv2][query] GET https://serviceusage.googleapis.com/v1/projects/investor-6f199/services/runtimeconfig.googleapis.com [none]
[debug] [2023-01-27T02:31:20.841Z] >>> [apiv2][(partial)header] GET https://serviceusage.googleapis.com/v1/projects/investor-6f199/services/runtimeconfig.googleapis.com x-goog-quota-user=projects/investor-6f199
[debug] [2023-01-27T02:31:21.294Z] <<< [apiv2][status] GET https://serviceusage.googleapis.com/v1/projects/investor-6f199/services/cloudfunctions.googleapis.com 200
[debug] [2023-01-27T02:31:21.294Z] <<< [apiv2][body] GET https://serviceusage.googleapis.com/v1/projects/investor-6f199/services/cloudfunctions.googleapis.com [omitted]
[debug] [2023-01-27T02:31:21.296Z] >>> [apiv2][query] POST https://serviceusage.googleapis.com/v1/projects/investor-6f199/services/cloudfunctions.googleapis.com:enable [none]
[debug] [2023-01-27T02:31:21.297Z] >>> [apiv2][(partial)header] POST https://serviceusage.googleapis.com/v1/projects/investor-6f199/services/cloudfunctions.googleapis.com:enable x-goog-quota-user=projects/investor-6f199
[debug] [2023-01-27T02:31:21.310Z] <<< [apiv2][status] GET https://serviceusage.googleapis.com/v1/projects/investor-6f199/services/runtimeconfig.googleapis.com 200
[debug] [2023-01-27T02:31:21.310Z] <<< [apiv2][body] GET https://serviceusage.googleapis.com/v1/projects/investor-6f199/services/runtimeconfig.googleapis.com [omitted]
[debug] [2023-01-27T02:31:21.903Z] <<< [apiv2][status] POST https://serviceusage.googleapis.com/v1/projects/investor-6f199/services/cloudfunctions.googleapis.com:enable 200
[debug] [2023-01-27T02:31:21.903Z] <<< [apiv2][body] POST https://serviceusage.googleapis.com/v1/projects/investor-6f199/services/cloudfunctions.googleapis.com:enable [omitted]
[debug] [2023-01-27T02:31:31.909Z] >>> [apiv2][query] GET https://serviceusage.googleapis.com/v1/projects/investor-6f199/services/cloudfunctions.googleapis.com [none]
[debug] [2023-01-27T02:31:31.910Z] >>> [apiv2][(partial)header] GET https://serviceusage.googleapis.com/v1/projects/investor-6f199/services/cloudfunctions.googleapis.com x-goog-quota-user=projects/investor-6f199
[debug] [2023-01-27T02:31:32.352Z] <<< [apiv2][status] GET https://serviceusage.googleapis.com/v1/projects/investor-6f199/services/cloudfunctions.googleapis.com 200
[debug] [2023-01-27T02:31:32.353Z] <<< [apiv2][body] GET https://serviceusage.googleapis.com/v1/projects/investor-6f199/services/cloudfunctions.googleapis.com [omitted]
[info] Let's create a new codebase for your functions.
[info] A directory corresponding to the codebase will be created in your project
[info] with sample code pre-configured.

[info] See https://firebase.google.com/docs/functions/organize-functions for
[info] more information on organizing your functions using codebases.

[info] Functions can be deployed with firebase deploy.

[info] +  Wrote functions/package.json 
[info] +  Wrote functions/.eslintrc.js 
[info] +  Wrote functions/index.js 
[info] +  Wrote functions/.gitignore 
[info] 
=== Hosting Setup
[info] 
[info] Your public directory is the folder (relative to your project directory) that
[info] will contain Hosting assets to be uploaded with firebase deploy. If you
[info] have a build process for your assets, use your build's output directory.
[info] 
[debug] [2023-01-27T02:32:53.782Z] >>> [apiv2][query] GET https://www.gstatic.com/firebasejs/releases.json [none]
[debug] [2023-01-27T02:32:53.881Z] <<< [apiv2][status] GET https://www.gstatic.com/firebasejs/releases.json 200
[debug] [2023-01-27T02:32:53.882Z] <<< [apiv2][body] GET https://www.gstatic.com/firebasejs/releases.json {"current":{"version":"9.16.0","browserURL":"https://www.gstatic.com/firebasejs/9.16.0/firebase.js","packageURL":"https://www.gstatic.com/firebasejs/9.16.0/firebase.tgz"},"live":{"version":"9.16","browserURL":"https://www.gstatic.com/firebasejs/live/9.16/firebase.js","packageURL":"https://www.gstatic.com/firebasejs/live/9.16/firebase.tgz"},"components":{"analytics":"https://www.gstatic.com/firebasejs/9.16.0/firebase-analytics.js","app":"https://www.gstatic.com/firebasejs/9.16.0/firebase-app.js","app-check":"https://www.gstatic.com/firebasejs/9.16.0/firebase-app-check.js","auth":"https://www.gstatic.com/firebasejs/9.16.0/firebase-auth.js","auth/cordova":"https://www.gstatic.com/firebasejs/9.16.0/firebase-auth/cordova.js","auth/react-native":"https://www.gstatic.com/firebasejs/9.16.0/firebase-auth/react-native.js","functions":"https://www.gstatic.com/firebasejs/9.16.0/firebase-functions.js","firestore":"https://www.gstatic.com/firebasejs/9.16.0/firebase-firestore.js","firestore/lite":"https://www.gstatic.com/firebasejs/9.16.0/firebase-firestore/lite.js","installations":"https://www.gstatic.com/firebasejs/9.16.0/firebase-installations.js","storage":"https://www.gstatic.com/firebasejs/9.16.0/firebase-storage.js","performance":"https://www.gstatic.com/firebasejs/9.16.0/firebase-performance.js","remote-config":"https://www.gstatic.com/firebasejs/9.16.0/firebase-remote-config.js","messaging":"https://www.gstatic.com/firebasejs/9.16.0/firebase-messaging.js","messaging/sw":"https://www.gstatic.com/firebasejs/9.16.0/firebase-messaging/sw.js","database":"https://www.gstatic.com/firebasejs/9.16.0/firebase-database.js","firestore.memory":"https://www.gstatic.com/firebasejs/9.16.0/firebase-firestore.memory.js"}}
[info] +  Wrote public/index.html 
[info] 
[info] i  Detected a .git folder at C:\Web-Development\invst 
[info] i  Authorizing with GitHub to upload your service account to a GitHub repository's secrets store. 
[info] 
[info] Visit this URL on this device to log in:
[info] https://github.com/login/oauth/authorize?client_id=89cf50f02ac6aaed3484&state=772417548&redirect_uri=http%3A%2F%2Flocalhost%3A9005&scope=read%3Auser%20repo%20public_repo
[info] 
[info] Waiting for authentication...
[debug] [2023-01-27T02:33:10.086Z] >>> [apiv2][query] POST https://github.com/login/oauth/access_token [none]
[debug] [2023-01-27T02:33:10.087Z] >>> [apiv2][body] POST https://github.com/login/oauth/access_token [stream]
[debug] [2023-01-27T02:33:10.281Z] <<< [apiv2][status] POST https://github.com/login/oauth/access_token 200
[debug] [2023-01-27T02:33:10.282Z] <<< [apiv2][body] POST https://github.com/login/oauth/access_token {"access_token":"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","token_type":"bearer","scope":"read:user,repo"}
[debug] [2023-01-27T02:33:10.304Z] >>> [apiv2][query] GET https://api.github.com/user [none]
[debug] [2023-01-27T02:33:10.541Z] <<< [apiv2][status] GET https://api.github.com/user 200
[debug] [2023-01-27T02:33:10.542Z] <<< [apiv2][body] GET https://api.github.com/user {"login":"Hamza-Mos","id":87248752,"node_id":"MDQ6VXNlcjg3MjQ4NzUy","avatar_url":"https://avatars.githubusercontent.com/u/87248752?v=4","gravatar_id":"","url":"https://api.github.com/users/Hamza-Mos","html_url":"https://github.com/Hamza-Mos","followers_url":"https://api.github.com/users/Hamza-Mos/followers","following_url":"https://api.github.com/users/Hamza-Mos/following{/other_user}","gists_url":"https://api.github.com/users/Hamza-Mos/gists{/gist_id}","starred_url":"https://api.github.com/users/Hamza-Mos/starred{/owner}{/repo}","subscriptions_url":"https://api.github.com/users/Hamza-Mos/subscriptions","organizations_url":"https://api.github.com/users/Hamza-Mos/orgs","repos_url":"https://api.github.com/users/Hamza-Mos/repos","events_url":"https://api.github.com/users/Hamza-Mos/events{/privacy}","received_events_url":"https://api.github.com/users/Hamza-Mos/received_events","type":"User","site_admin":false,"name":"Hamza Mostafa","company":null,"blog":"https://www.hamzamostafa.com/","location":null,"email":"hamza.oruba@gmail.com","hireable":null,"bio":null,"twitter_username":null,"public_repos":11,"public_gists":0,"followers":0,"following":0,"created_at":"2021-07-10T22:59:44Z","updated_at":"2023-01-27T02:32:59Z","private_gists":0,"total_private_repos":2,"owned_private_repos":2,"disk_usage":2808,"collaborators":0,"two_factor_authentication":false,"plan":{"name":"free","space":976562499,"collaborators":0,"private_repos":10000}}
[info] 
[info] +  Success! Logged into GitHub as Hamza-Mos 
[info] 
[debug] [2023-01-27T02:33:16.780Z] >>> [apiv2][query] GET https://api.github.com/repos//actions/secrets/public-key type=owner
[debug] [2023-01-27T02:33:16.920Z] <<< [apiv2][status] GET https://api.github.com/repos//actions/secrets/public-key 404
[debug] [2023-01-27T02:33:16.920Z] <<< [apiv2][body] GET https://api.github.com/repos//actions/secrets/public-key {"message":"Not Found","documentation_url":"https://docs.github.com/rest"}
[debug] [2023-01-27T02:33:18.244Z] >>> [apiv2][query] GET https://api.github.com/repos//actions/secrets/public-key type=owner
[debug] [2023-01-27T02:33:18.358Z] <<< [apiv2][status] GET https://api.github.com/repos//actions/secrets/public-key 404
[debug] [2023-01-27T02:33:18.359Z] <<< [apiv2][body] GET https://api.github.com/repos//actions/secrets/public-key {"message":"Not Found","documentation_url":"https://docs.github.com/rest"}
[debug] [2023-01-27T02:33:50.615Z] >>> [apiv2][query] GET https://api.github.com/repos//actions/secrets/public-key type=owner
[debug] [2023-01-27T02:33:50.743Z] <<< [apiv2][status] GET https://api.github.com/repos//actions/secrets/public-key 404
[debug] [2023-01-27T02:33:50.744Z] <<< [apiv2][body] GET https://api.github.com/repos//actions/secrets/public-key {"message":"Not Found","documentation_url":"https://docs.github.com/rest"}
[debug] [2023-01-27T02:34:36.874Z] >>> [apiv2][query] GET https://api.github.com/repos//actions/secrets/public-key type=owner
[debug] [2023-01-27T02:34:37.043Z] <<< [apiv2][status] GET https://api.github.com/repos//actions/secrets/public-key 404
[debug] [2023-01-27T02:34:37.043Z] <<< [apiv2][body] GET https://api.github.com/repos//actions/secrets/public-key {"message":"Not Found","documentation_url":"https://docs.github.com/rest"}
